<?xml version="1.0" encoding="UTF-8"?>
<!-- Generated by org.testng.reporters.JUnitReportReporter -->
<testsuite skipped="0" hostname="LAPTOP-REER0SS3" name="testCases.TC_001_AccountRegistration" tests="1" failures="0" timestamp="2022-04-02T11:13:27 EDT" time="3.948" errors="0">
  <testcase name="test_account_Registration" time="3.948" classname="testCases.TC_001_AccountRegistration"/>
  <system-out/>
</testsuite> <!-- testCases.TC_001_AccountRegistration -->
