<?xml version="1.0" encoding="UTF-8"?>
<!-- Generated by org.testng.reporters.JUnitReportReporter -->
<testsuite hostname="LAPTOP-REER0SS3" failures="0" tests="1" name="testCases.TC_002_Login" time="4.211" errors="0" timestamp="2022-04-02T00:05:36 GMT-04:00" skipped="0">
  <testcase classname="testCases.TC_002_Login" name="test_Login" time="4.211"/>
  <system-out/>
</testsuite> <!-- testCases.TC_002_Login -->
